# JRE version: OpenJDK Runtime Environment Temurin-17.0.13+11 (17.0.13+11) (build 17.0.13+11)
# Java VM: OpenJDK 64-Bit Server VM Temurin-17.0.13+11 (17.0.13+11, mixed mode, sharing, tiered, compressed oops, compressed class ptrs, g1 gc, windows-amd64)
GC Precious Log:
 CPUs: 4 total, 4 available
 Memory: 3526M
 Large Page Support: Disabled
 NUMA Support: Disabled
 Compressed Oops: Enabled (32-bit)
 Heap Region Size: 1M
 Heap Min Capacity: 8M
 Heap Initial Capacity: 56M
 Heap Max Capacity: 2G
 Pre-touch: Disabled
 Parallel Workers: 4
 Concurrent Workers: 1
 Concurrent Refinement Workers: 4
 Periodic GC: Disabled
Heap:
 garbage-first heap   total 148480K, used 99368K [0x0000000080000000, 0x0000000100000000)
  region size 1024K, 3 young (3072K), 3 survivors (3072K)
 Metaspace       used 84892K, committed 85696K, reserved 557056K
  class space    used 12202K, committed 12608K, reserved 425984K
GC Heap History (20 events):
Event: 65.959 GC heap after
{Heap after GC invocations=40 (full 0):
 garbage-first heap   total 122880K, used 69937K [0x0000000080000000, 0x0000000100000000)
  region size 1024K, 1 young (1024K), 1 survivors (1024K)
 Metaspace       used 69287K, committed 70016K, reserved 491520K
  class space    used 9834K, committed 10176K, reserved 425984K
}
Event: 68.861 GC heap before
{Heap before GC invocations=40 (full 0):
 garbage-first heap   total 122880K, used 102705K [0x0000000080000000, 0x0000000100000000)
  region size 1024K, 34 young (34816K), 1 survivors (1024K)
 Metaspace       used 69298K, committed 70016K, reserved 491520K
  class space    used 9835K, committed 10176K, reserved 425984K
}
Event: 68.867 GC heap after
{Heap after GC invocations=41 (full 0):
 garbage-first heap   total 122880K, used 70818K [0x0000000080000000, 0x0000000100000000)
  region size 1024K, 2 young (2048K), 2 survivors (2048K)
 Metaspace       used 69298K, committed 70016K, reserved 491520K
  class space    used 9835K, committed 10176K, reserved 425984K
}
Event: 72.374 GC heap before
{Heap before GC invocations=42 (full 0):
 garbage-first heap   total 128000K, used 104610K [0x0000000080000000, 0x0000000100000000)
  region size 1024K, 35 young (35840K), 2 survivors (2048K)
 Metaspace       used 69978K, committed 70656K, reserved 491520K
  class space    used 9918K, committed 10240K, reserved 425984K
}
Event: 72.387 GC heap after
{Heap after GC invocations=43 (full 0):
 garbage-first heap   total 128000K, used 72720K [0x0000000080000000, 0x0000000100000000)
  region size 1024K, 4 young (4096K), 4 survivors (4096K)
 Metaspace       used 69978K, committed 70656K, reserved 491520K
  class space    used 9918K, committed 10240K, reserved 425984K
}
Event: 72.623 GC heap before
{Heap before GC invocations=43 (full 0):
 garbage-first heap   total 128000K, used 73744K [0x0000000080000000, 0x0000000100000000)
  region size 1024K, 6 young (6144K), 4 survivors (4096K)
 Metaspace       used 70007K, committed 70720K, reserved 491520K
  class space    used 9923K, committed 10240K, reserved 425984K
}
Event: 72.638 GC heap after
{Heap after GC invocations=44 (full 0):
 garbage-first heap   total 128000K, used 72751K [0x0000000080000000, 0x0000000100000000)
  region size 1024K, 1 young (1024K), 1 survivors (1024K)
 Metaspace       used 70007K, committed 70720K, reserved 491520K
  class space    used 9923K, committed 10240K, reserved 425984K
}
Event: 78.768 GC heap before
{Heap before GC invocations=44 (full 0):
 garbage-first heap   total 128000K, used 113711K [0x0000000080000000, 0x0000000100000000)
  region size 1024K, 35 young (35840K), 1 survivors (1024K)
 Metaspace       used 73612K, committed 74304K, reserved 491520K
  class space    used 10822K, committed 11136K, reserved 425984K
}
Event: 78.896 GC heap after
{Heap after GC invocations=45 (full 0):
 garbage-first heap   total 128000K, used 85210K [0x0000000080000000, 0x0000000100000000)
  region size 1024K, 5 young (5120K), 5 survivors (5120K)
 Metaspace       used 73612K, committed 74304K, reserved 491520K
  class space    used 10822K, committed 11136K, reserved 425984K
}
Event: 81.827 GC heap before
{Heap before GC invocations=46 (full 0):
 garbage-first heap   total 148480K, used 108762K [0x0000000080000000, 0x0000000100000000)
  region size 1024K, 27 young (27648K), 5 survivors (5120K)
 Metaspace       used 75431K, committed 76096K, reserved 491520K
  class space    used 11072K, committed 11392K, reserved 425984K
}
Event: 81.846 GC heap after
{Heap after GC invocations=47 (full 0):
 garbage-first heap   total 148480K, used 89425K [0x0000000080000000, 0x0000000100000000)
  region size 1024K, 2 young (2048K), 2 survivors (2048K)
 Metaspace       used 75431K, committed 76096K, reserved 491520K
  class space    used 11072K, committed 11392K, reserved 425984K
}
Event: 82.116 GC heap before
{Heap before GC invocations=47 (full 0):
 garbage-first heap   total 148480K, used 94545K [0x0000000080000000, 0x0000000100000000)
  region size 1024K, 7 young (7168K), 2 survivors (2048K)
 Metaspace       used 75721K, committed 76480K, reserved 491520K
  class space    used 11100K, committed 11456K, reserved 425984K
}
Event: 82.121 GC heap after
{Heap after GC invocations=48 (full 0):
 garbage-first heap   total 148480K, used 90660K [0x0000000080000000, 0x0000000100000000)
  region size 1024K, 1 young (1024K), 1 survivors (1024K)
 Metaspace       used 75721K, committed 76480K, reserved 491520K
  class space    used 11100K, committed 11456K, reserved 425984K
}
Event: 88.165 GC heap before
{Heap before GC invocations=48 (full 0):
 garbage-first heap   total 148480K, used 123428K [0x0000000080000000, 0x0000000100000000)
  region size 1024K, 33 young (33792K), 1 survivors (1024K)
 Metaspace       used 78592K, committed 79296K, reserved 557056K
  class space    used 11408K, committed 11776K, reserved 425984K
}
Event: 88.174 GC heap after
{Heap after GC invocations=49 (full 0):
 garbage-first heap   total 148480K, used 91346K [0x0000000080000000, 0x0000000100000000)
  region size 1024K, 2 young (2048K), 2 survivors (2048K)
 Metaspace       used 78592K, committed 79296K, reserved 557056K
  class space    used 11408K, committed 11776K, reserved 425984K
}
Event: 91.794 GC heap before
{Heap before GC invocations=49 (full 0):
 garbage-first heap   total 148480K, used 129234K [0x0000000080000000, 0x0000000100000000)
  region size 1024K, 34 young (34816K), 2 survivors (2048K)
 Metaspace       used 81143K, committed 81920K, reserved 557056K
  class space    used 11711K, committed 12096K, reserved 425984K
}
Event: 91.819 GC heap after
{Heap after GC invocations=50 (full 0):
 garbage-first heap   total 148480K, used 96487K [0x0000000080000000, 0x0000000100000000)
  region size 1024K, 5 young (5120K), 5 survivors (5120K)
 Metaspace       used 81143K, committed 81920K, reserved 557056K
  class space    used 11711K, committed 12096K, reserved 425984K
}
Event: 95.778 GC heap before
{Heap before GC invocations=50 (full 0):
 garbage-first heap   total 148480K, used 124135K [0x0000000080000000, 0x0000000100000000)
  region size 1024K, 32 young (32768K), 5 survivors (5120K)
 Metaspace       used 83116K, committed 83904K, reserved 557056K
  class space    used 11975K, committed 12352K, reserved 425984K
}
Event: 95.897 GC heap after
{Heap after GC invocations=51 (full 0):
 garbage-first heap   total 148480K, used 98072K [0x0000000080000000, 0x0000000100000000)
  region size 1024K, 2 young (2048K), 2 survivors (2048K)
 Metaspace       used 83116K, committed 83904K, reserved 557056K
  class space    used 11975K, committed 12352K, reserved 425984K
}
Event: 97.987 GC heap before
{Heap before GC invocations=51 (full 0):
 garbage-first heap   total 148480K, used 123672K [0x0000000080000000, 0x0000000100000000)
  region size 1024K, 28 young (28672K), 2 survivors (2048K)
 Metaspace       used 84892K, committed 85696K, reserved 557056K
  class space    used 12202K, committed 12608K, reserved 425984K
}

