# JRE version: OpenJDK Runtime Environment Temurin-17.0.13+11 (17.0.13+11) (build 17.0.13+11)
# Java VM: OpenJDK 64-Bit Server VM Temurin-17.0.13+11 (17.0.13+11, mixed mode, sharing, tiered, compressed oops, compressed class ptrs, g1 gc, windows-amd64)
GC Precious Log:
 CPUs: 4 total, 4 available
 Memory: 3526M
 Large Page Support: Disabled
 NUMA Support: Disabled
 Compressed Oops: Enabled (Zero based)
 Heap Region Size: 4M
 Heap Min Capacity: 8M
 Heap Initial Capacity: 56M
 Heap Max Capacity: 8G
 Pre-touch: Disabled
 Parallel Workers: 4
 Concurrent Workers: 1
 Concurrent Refinement Workers: 4
 Periodic GC: Disabled
Heap:
 garbage-first heap   total 139264K, used 84751K [0x0000000600000000, 0x0000000800000000)
  region size 4096K, 3 young (12288K), 1 survivors (4096K)
 Metaspace       used 78736K, committed 79552K, reserved 1179648K
  class space    used 11051K, committed 11456K, reserved 1048576K
GC Heap History (20 events):
Event: 6740.273 GC heap before
{Heap before GC invocations=44 (full 0):
 garbage-first heap   total 110592K, used 86560K [0x0000000600000000, 0x0000000800000000)
  region size 4096K, 8 young (32768K), 1 survivors (4096K)
 Metaspace       used 64025K, committed 64704K, reserved 1114112K
  class space    used 8940K, committed 9280K, reserved 1048576K
}
Event: 6740.281 GC heap after
{Heap after GC invocations=45 (full 0):
 garbage-first heap   total 110592K, used 58728K [0x0000000600000000, 0x0000000800000000)
  region size 4096K, 1 young (4096K), 1 survivors (4096K)
 Metaspace       used 64025K, committed 64704K, reserved 1114112K
  class space    used 8940K, committed 9280K, reserved 1048576K
}
Event: 6740.707 GC heap before
{Heap before GC invocations=46 (full 0):
 garbage-first heap   total 118784K, used 75112K [0x0000000600000000, 0x0000000800000000)
  region size 4096K, 6 young (24576K), 1 survivors (4096K)
 Metaspace       used 65008K, committed 65792K, reserved 1114112K
  class space    used 9081K, committed 9472K, reserved 1048576K
}
Event: 6740.714 GC heap after
{Heap after GC invocations=47 (full 0):
 garbage-first heap   total 118784K, used 59202K [0x0000000600000000, 0x0000000800000000)
  region size 4096K, 1 young (4096K), 1 survivors (4096K)
 Metaspace       used 65008K, committed 65792K, reserved 1114112K
  class space    used 9081K, committed 9472K, reserved 1048576K
}
Event: 6743.298 GC heap before
{Heap before GC invocations=48 (full 0):
 garbage-first heap   total 118784K, used 100162K [0x0000000600000000, 0x0000000800000000)
  region size 4096K, 10 young (40960K), 1 survivors (4096K)
 Metaspace       used 67074K, committed 67840K, reserved 1114112K
  class space    used 9402K, committed 9792K, reserved 1048576K
}
Event: 6743.304 GC heap after
{Heap after GC invocations=49 (full 0):
 garbage-first heap   total 118784K, used 64697K [0x0000000600000000, 0x0000000800000000)
  region size 4096K, 1 young (4096K), 1 survivors (4096K)
 Metaspace       used 67074K, committed 67840K, reserved 1114112K
  class space    used 9402K, committed 9792K, reserved 1048576K
}
Event: 6744.923 GC heap before
{Heap before GC invocations=49 (full 0):
 garbage-first heap   total 118784K, used 93369K [0x0000000600000000, 0x0000000800000000)
  region size 4096K, 9 young (36864K), 1 survivors (4096K)
 Metaspace       used 69046K, committed 69824K, reserved 1114112K
  class space    used 9671K, committed 10048K, reserved 1048576K
}
Event: 6744.936 GC heap after
{Heap after GC invocations=50 (full 0):
 garbage-first heap   total 118784K, used 66780K [0x0000000600000000, 0x0000000800000000)
  region size 4096K, 2 young (8192K), 2 survivors (8192K)
 Metaspace       used 69046K, committed 69824K, reserved 1114112K
  class space    used 9671K, committed 10048K, reserved 1048576K
}
Event: 6747.055 GC heap before
{Heap before GC invocations=51 (full 0):
 garbage-first heap   total 122880K, used 95452K [0x0000000600000000, 0x0000000800000000)
  region size 4096K, 9 young (36864K), 2 survivors (8192K)
 Metaspace       used 71062K, committed 71872K, reserved 1114112K
  class space    used 9989K, committed 10368K, reserved 1048576K
}
Event: 6747.074 GC heap after
{Heap after GC invocations=52 (full 0):
 garbage-first heap   total 122880K, used 68695K [0x0000000600000000, 0x0000000800000000)
  region size 4096K, 2 young (8192K), 2 survivors (8192K)
 Metaspace       used 71062K, committed 71872K, reserved 1114112K
  class space    used 9989K, committed 10368K, reserved 1048576K
}
Event: 6751.056 GC heap before
{Heap before GC invocations=52 (full 0):
 garbage-first heap   total 122880K, used 97367K [0x0000000600000000, 0x0000000800000000)
  region size 4096K, 9 young (36864K), 2 survivors (8192K)
 Metaspace       used 72950K, committed 73792K, reserved 1114112K
  class space    used 10306K, committed 10688K, reserved 1048576K
}
Event: 6751.074 GC heap after
{Heap after GC invocations=53 (full 0):
 garbage-first heap   total 122880K, used 71032K [0x0000000600000000, 0x0000000800000000)
  region size 4096K, 2 young (8192K), 2 survivors (8192K)
 Metaspace       used 72950K, committed 73792K, reserved 1114112K
  class space    used 10306K, committed 10688K, reserved 1048576K
}
Event: 6753.670 GC heap before
{Heap before GC invocations=54 (full 0):
 garbage-first heap   total 131072K, used 95608K [0x0000000600000000, 0x0000000800000000)
  region size 4096K, 8 young (32768K), 2 survivors (8192K)
 Metaspace       used 74760K, committed 75584K, reserved 1114112K
  class space    used 10569K, committed 11008K, reserved 1048576K
}
Event: 6753.688 GC heap after
{Heap after GC invocations=55 (full 0):
 garbage-first heap   total 131072K, used 73231K [0x0000000600000000, 0x0000000800000000)
  region size 4096K, 1 young (4096K), 1 survivors (4096K)
 Metaspace       used 74760K, committed 75584K, reserved 1114112K
  class space    used 10569K, committed 11008K, reserved 1048576K
}
Event: 6901.050 GC heap before
{Heap before GC invocations=55 (full 0):
 garbage-first heap   total 131072K, used 97807K [0x0000000600000000, 0x0000000800000000)
  region size 4096K, 8 young (32768K), 1 survivors (4096K)
 Metaspace       used 77839K, committed 78720K, reserved 1179648K
  class space    used 10984K, committed 11392K, reserved 1048576K
}
Event: 6901.333 GC heap after
{Heap after GC invocations=56 (full 0):
 garbage-first heap   total 131072K, used 75187K [0x0000000600000000, 0x0000000800000000)
  region size 4096K, 1 young (4096K), 1 survivors (4096K)
 Metaspace       used 77839K, committed 78720K, reserved 1179648K
  class space    used 10984K, committed 11392K, reserved 1048576K
}
Event: 6999.661 GC heap before
{Heap before GC invocations=57 (full 0):
 garbage-first heap   total 139264K, used 99763K [0x0000000600000000, 0x0000000800000000)
  region size 4096K, 8 young (32768K), 1 survivors (4096K)
 Metaspace       used 78554K, committed 79424K, reserved 1179648K
  class space    used 11049K, committed 11456K, reserved 1048576K
}
Event: 6999.782 GC heap after
{Heap after GC invocations=58 (full 0):
 garbage-first heap   total 139264K, used 78874K [0x0000000600000000, 0x0000000800000000)
  region size 4096K, 1 young (4096K), 1 survivors (4096K)
 Metaspace       used 78554K, committed 79424K, reserved 1179648K
  class space    used 11049K, committed 11456K, reserved 1048576K
}
Event: 7003.887 GC heap before
{Heap before GC invocations=58 (full 0):
 garbage-first heap   total 139264K, used 103450K [0x0000000600000000, 0x0000000800000000)
  region size 4096K, 8 young (32768K), 1 survivors (4096K)
 Metaspace       used 78716K, committed 79552K, reserved 1179648K
  class space    used 11051K, committed 11456K, reserved 1048576K
}
Event: 7003.924 GC heap after
{Heap after GC invocations=59 (full 0):
 garbage-first heap   total 139264K, used 80655K [0x0000000600000000, 0x0000000800000000)
  region size 4096K, 1 young (4096K), 1 survivors (4096K)
 Metaspace       used 78716K, committed 79552K, reserved 1179648K
  class space    used 11051K, committed 11456K, reserved 1048576K
}

